2023-02-17 19:14:36,869 - main - DEBUG - Generated response.
User input:
['Fundi?', 'ra?the']
Response:
:
Possible solutions:


Helper words for uncovering untried letters:


Helper words for positioning uncovered letters:


Miscellaneous helper words:

2023-02-17 23:59:44,172 - __main__ - DEBUG - Generated response.
User input:
['Fundi?', 'ra?the']
Response:
Possible solutions:

flail
folia

Helper words for uncovering untried letters:


Helper words for positioning uncovered letters:


Miscellaneous helper words:

aboil
aglow
ahold
aloft
aloin
alone
along
aloud
altho
amole
2023-02-18 00:04:56,188 - __main__ - DEBUG - Generated response.
User input:
['Al?oIn']
Response:
Possible solutions:

argil
avail

Helper words for uncovering untried letters:


Helper words for positioning uncovered letters:


Random words of given length:

grove
vigor
virga
anger
angry
argol
argon
argot
argue
auger
2023-02-18 11:24:09,203 - __main__ - INFO - Generated response.
User input:
['Al?oIn']
Response:
Possible solutions:

argil
avail

Helper words for uncovering untried letters:


Helper words for positioning uncovered letters:


Random words of given length:

giver
grave
gravy
vigor
anger
argon
argot
auger
avert
barge
